#
# There is insufficient memory for the Java Runtime Environment to continue.
# Native memory allocation (malloc) failed to allocate 32744 bytes for ChunkPool::allocate
# Possible reasons:
#   The system is out of physical RAM or swap space
#   In 32 bit mode, the process size limit was hit
# Possible solutions:
#   Reduce memory load on the system
#   Increase physical memory or swap space
#   Check if swap backing store is full
#   Use 64 bit Java on a 64 bit OS
#   Decrease Java heap size (-Xmx/-Xms)
#   Decrease number of Java threads
#   Decrease Java thread stack sizes (-Xss)
#   Set larger code cache with -XX:ReservedCodeCacheSize=
# This output file may be truncated or incomplete.
#
#  Out of Memory Error (allocation.cpp:273), pid=133636, tid=0x000000000001d84c
#
# JRE version: OpenJDK Runtime Environment (8.0) (build 1.8.0-adoptopenjdk-_2018_05_19_00_59-b00)
# Java VM: OpenJDK 64-Bit Server VM (25.71-b00 mixed mode windows-amd64 compressed oops)
# Failed to write core dump. Minidumps are not enabled by default on client versions of Windows
#

---------------  T H R E A D  ---------------

Current thread (0x0000000002f92800):  JavaThread "main" [_thread_in_native, id=120908, stack(0x0000000002e90000,0x0000000002f90000)]

Stack: [0x0000000002e90000,0x0000000002f90000]
[error occurred during error reporting (printing stack bounds), id 0xc0000005]

Native frames: (J=compiled Java code, j=interpreted, Vv=VM code, C=native code)

Java frames: (J=compiled Java code, j=interpreted, Vv=VM code)
j  java.util.ResourceBundle.getLoader(Ljava/lang/Class;)Ljava/lang/ClassLoader;+17
j  java.util.ResourceBundle.getBundle(Ljava/lang/String;Ljava/util/Locale;Ljava/util/ResourceBundle$Control;)Ljava/util/ResourceBundle;+5
j  sun.util.resources.LocaleData$1.run()Ljava/util/ResourceBundle;+11
j  sun.util.resources.LocaleData$1.run()Ljava/lang/Object;+1
v  ~StubRoutines::call_stub
j  java.security.AccessController.doPrivileged(Ljava/security/PrivilegedAction;)Ljava/lang/Object;+0
j  sun.util.resources.LocaleData.getBundle(Ljava/lang/String;Ljava/util/Locale;)Ljava/util/ResourceBundle;+9
j  sun.util.resources.LocaleData.getNumberFormatData(Ljava/util/Locale;)Ljava/util/ResourceBundle;+26
j  sun.util.locale.provider.LocaleResources.getDecimalFormatSymbolsData()[Ljava/lang/Object;+46
j  java.text.DecimalFormatSymbols.initialize(Ljava/util/Locale;)V+28
j  java.text.DecimalFormatSymbols.<init>(Ljava/util/Locale;)V+11
j  sun.util.locale.provider.DecimalFormatSymbolsProviderImpl.getInstance(Ljava/util/Locale;)Ljava/text/DecimalFormatSymbols;+17
j  java.text.DecimalFormatSymbols.getInstance(Ljava/util/Locale;)Ljava/text/DecimalFormatSymbols;+14
j  java.util.Formatter.getZero(Ljava/util/Locale;)C+15
j  java.util.Formatter.<init>(Ljava/util/Locale;Ljava/lang/Appendable;)V+16
j  java.util.Formatter.<init>()V+14
j  java.lang.String.format(Ljava/lang/String;[Ljava/lang/Object;)Ljava/lang/String;+4
j  com.android.repository.api.SchemaModule.<init>(Ljava/lang/String;Ljava/lang/String;Ljava/lang/Class;)V+64
j  com.android.sdklib.repository.AndroidSdkHandler.<clinit>()V+10
v  ~StubRoutines::call_stub
j  com.android.sdklib.tool.AvdManagerCli.run([Ljava/lang/String;)V+28
j  com.android.sdklib.tool.AvdManagerCli.main([Ljava/lang/String;)V+29
v  ~StubRoutines::call_stub

---------------  P R O C E S S  ---------------

Java Threads: ( => current thread )
  0x0000000018de5800 JavaThread "Service Thread" daemon [_thread_blocked, id=135856, stack(0x0000000019660000,0x0000000019760000)]
  0x0000000017a3d800 JavaThread "C1 CompilerThread2" daemon [_thread_in_native, id=130256, stack(0x0000000019560000,0x0000000019660000)]
  0x0000000017a28000 JavaThread "C2 CompilerThread1" daemon [_thread_blocked, id=133564, stack(0x0000000019460000,0x0000000019560000)]
  0x0000000018da3000 JavaThread "C2 CompilerThread0" daemon [_thread_blocked, id=135516, stack(0x0000000019360000,0x0000000019460000)]
  0x0000000018da2800 JavaThread "Attach Listener" daemon [_thread_blocked, id=118068, stack(0x0000000019260000,0x0000000019360000)]
  0x0000000017a13000 JavaThread "Signal Dispatcher" daemon [_thread_blocked, id=132576, stack(0x0000000019160000,0x0000000019260000)]
  0x00000000179e8800 JavaThread "Finalizer" daemon [_thread_blocked, id=134944, stack(0x0000000018c60000,0x0000000018d60000)]
  0x00000000179c7800 JavaThread "Reference Handler" daemon [_thread_blocked, id=130212, stack(0x0000000018b60000,0x0000000018c60000)]
=>0x0000000002f92800 JavaThread "main" [_thread_in_native, id=120908, stack(0x0000000002e90000,0x0000000002f90000)]

Other Threads:
  0x00000000179c5800 VMThread [stack: 0x0000000018a60000,0x0000000018b60000] [id=132952]
  0x0000000018ddb000 WatcherThread [stack: 0x0000000019760000,0x0000000019860000] [id=119520]

VM state:not at safepoint (normal execution)

VM Mutex/Monitor currently owned by a thread: None

Heap:
 PSYoungGen      total 36864K, used 3191K [0x00000000d6e00000, 0x00000000d9700000, 0x0000000100000000)
  eden space 31744K, 10% used [0x00000000d6e00000,0x00000000d711dc98,0x00000000d8d00000)
  from space 5120K, 0% used [0x00000000d9200000,0x00000000d9200000,0x00000000d9700000)
  to   space 5120K, 0% used [0x00000000d8d00000,0x00000000d8d00000,0x00000000d9200000)
 ParOldGen       total 84992K, used 0K [0x0000000084a00000, 0x0000000089d00000, 0x00000000d6e00000)
  object space 84992K, 0% used [0x0000000084a00000,0x0000000084a00000,0x0000000089d00000)
 Metaspace       used 3593K, capacity 4780K, committed 5120K, reserved 1056768K
  class space    used 380K, capacity 424K, committed 512K, reserved 1048576K

Card table byte_map: [0x0000000012450000,0x0000000012830000] byte_map_base: 0x000000001202b000

Marking Bits: (ParMarkBitMap*) 0x0000000059b0be50
 Begin Bits: [0x0000000012ed0000, 0x0000000014da8000)
 End Bits:   [0x0000000014da8000, 0x0000000016c80000)

Polling page: 0x00000000009f0000

CodeCache: size=245760Kb used=1310Kb max_used=1323Kb free=244449Kb
 bounds [0x0000000003090000, 0x0000000003300000, 0x0000000012090000]
 total_blobs=364 nmethods=120 adapters=158
 compilation: enabled

Compilation events (10 events):
Event: 0.506 Thread 0x0000000017a3d800  116       3       java.io.WinNTFileSystem::normalize (143 bytes)
Event: 0.507 Thread 0x0000000017a3d800 nmethod 116 0x00000000031d6550 code [0x00000000031d6740, 0x00000000031d6f68]
Event: 0.512 Thread 0x0000000017a28000  117       4       java.lang.CharacterDataLatin1::toLowerCase (39 bytes)
Event: 0.513 Thread 0x0000000017a28000 nmethod 117 0x00000000031d4d90 code [0x00000000031d4ec0, 0x00000000031d4f98]
Event: 0.524 Thread 0x0000000017a3d800  118       3       java.util.BitSet::get (69 bytes)
Event: 0.525 Thread 0x0000000017a3d800 nmethod 118 0x00000000031d5550 code [0x00000000031d5740, 0x00000000031d60c8]
Event: 0.529 Thread 0x0000000018da3000  119  s    4       java.lang.StringBuffer::append (13 bytes)
Event: 0.529 Thread 0x0000000017a3d800  120       1       java.net.URLStreamHandler::getDefaultPort (2 bytes)
Event: 0.529 Thread 0x0000000017a3d800 nmethod 120 0x00000000031d4ad0 code [0x00000000031d4c20, 0x00000000031d4d30]
Event: 0.533 Thread 0x0000000017a3d800  121       3       java.io.WinNTFileSystem::normalize (231 bytes)

GC Heap History (0 events):
No events

Deoptimization events (0 events):
No events

Classes redefined (0 events):
No events

Internal exceptions (10 events):
Event: 0.366 Thread 0x0000000002f92800 Exception <a 'java/security/PrivilegedActionException'> (0x00000000d6eeebc8) thrown at [C:\Users\jenkins\workspace\openjdk8_build_x86-64_windows\openjdk\hotspot\src\share\vm\prims\jvm.cpp, line 1435]
Event: 0.366 Thread 0x0000000002f92800 Exception <a 'java/security/PrivilegedActionException'> (0x00000000d6eeedd8) thrown at [C:\Users\jenkins\workspace\openjdk8_build_x86-64_windows\openjdk\hotspot\src\share\vm\prims\jvm.cpp, line 1435]
Event: 0.387 Thread 0x0000000002f92800 Exception <a 'java/security/PrivilegedActionException'> (0x00000000d6f134d8) thrown at [C:\Users\jenkins\workspace\openjdk8_build_x86-64_windows\openjdk\hotspot\src\share\vm\prims\jvm.cpp, line 1435]
Event: 0.387 Thread 0x0000000002f92800 Exception <a 'java/security/PrivilegedActionException'> (0x00000000d6f136e8) thrown at [C:\Users\jenkins\workspace\openjdk8_build_x86-64_windows\openjdk\hotspot\src\share\vm\prims\jvm.cpp, line 1435]
Event: 0.529 Thread 0x0000000002f92800 Exception <a 'java/security/PrivilegedActionException'> (0x00000000d7104f48) thrown at [C:\Users\jenkins\workspace\openjdk8_build_x86-64_windows\openjdk\hotspot\src\share\vm\prims\jvm.cpp, line 1435]
Event: 0.529 Thread 0x0000000002f92800 Exception <a 'java/security/PrivilegedActionException'> (0x00000000d7105340) thrown at [C:\Users\jenkins\workspace\openjdk8_build_x86-64_windows\openjdk\hotspot\src\share\vm\prims\jvm.cpp, line 1435]
Event: 0.533 Thread 0x0000000002f92800 Exception <a 'java/security/PrivilegedActionException'> (0x00000000d710b228) thrown at [C:\Users\jenkins\workspace\openjdk8_build_x86-64_windows\openjdk\hotspot\src\share\vm\prims\jvm.cpp, line 1435]
Event: 0.533 Thread 0x0000000002f92800 Exception <a 'java/security/PrivilegedActionException'> (0x00000000d710b620) thrown at [C:\Users\jenkins\workspace\openjdk8_build_x86-64_windows\openjdk\hotspot\src\share\vm\prims\jvm.cpp, line 1435]
Event: 0.533 Thread 0x0000000002f92800 Exception <a 'java/security/PrivilegedActionException'> (0x00000000d710d7c0) thrown at [C:\Users\jenkins\workspace\openjdk8_build_x86-64_windows\openjdk\hotspot\src\share\vm\prims\jvm.cpp, line 1435]
Event: 0.533 Thread 0x0000000002f92800 Exception <a 'java/security/PrivilegedActionException'> (0x00000000d710dbb8) thrown at [C:\Users\jenkins\workspace\openjdk8_build_x86-64_windows\openjdk\hotspot\src\share\vm\prims\jvm.cpp, line 1435]

Events (10 events):
Event: 0.528 loading class java/lang/ClassLoader$2 done
Event: 0.528 loading class sun/misc/URLClassPath$1
Event: 0.528 loading class sun/misc/URLClassPath$1 done
Event: 0.528 loading class java/net/URLClassLoader$3
Event: 0.528 loading class java/net/URLClassLoader$3 done
Event: 0.528 loading class sun/misc/CompoundEnumeration
Event: 0.528 loading class sun/misc/CompoundEnumeration done
Event: 0.533 loading class java/net/URLClassLoader$3$1
Event: 0.534 loading class java/net/URLClassLoader$3$1 done
Event: 0.534 loading class java/util/ResourceBundle$RBClassLoader


Dynamic libraries:
0x00007ff7068e0000 - 0x00007ff706915000 	C:\Program Files\Unity\Hub\Editor\2018.4.23f1\Editor\Data\PlaybackEngines\AndroidPlayer\Tools\OpenJDK\Windows\bin\java.exe
0x00007ffb52440000 - 0x00007ffb52630000 	C:\WINDOWS\SYSTEM32\ntdll.dll
0x00007ffb52340000 - 0x00007ffb523f2000 	C:\WINDOWS\System32\KERNEL32.DLL
0x00007ffb4f8e0000 - 0x00007ffb4fb84000 	C:\WINDOWS\System32\KERNELBASE.dll
0x00007ffb504f0000 - 0x00007ffb50593000 	C:\WINDOWS\System32\ADVAPI32.dll
0x00007ffb50780000 - 0x00007ffb5081e000 	C:\WINDOWS\System32\msvcrt.dll
0x00007ffb50ca0000 - 0x00007ffb50d37000 	C:\WINDOWS\System32\sechost.dll
0x00007ffb51b90000 - 0x00007ffb51cb0000 	C:\WINDOWS\System32\RPCRT4.dll
0x00007ffb521a0000 - 0x00007ffb52334000 	C:\WINDOWS\System32\USER32.dll
0x00007ffb50440000 - 0x00007ffb50461000 	C:\WINDOWS\System32\win32u.dll
0x00007ffb51540000 - 0x00007ffb51566000 	C:\WINDOWS\System32\GDI32.dll
0x00007ffb4f510000 - 0x00007ffb4f6a6000 	C:\WINDOWS\System32\gdi32full.dll
0x00007ffb4f6e0000 - 0x00007ffb4f77e000 	C:\WINDOWS\System32\msvcp_win.dll
0x00007ffb4f780000 - 0x00007ffb4f87a000 	C:\WINDOWS\System32\ucrtbase.dll
0x00007ffb3e520000 - 0x00007ffb3e7a4000 	C:\WINDOWS\WinSxS\amd64_microsoft.windows.common-controls_6595b64144ccf1df_6.0.18362.959_none_e6c7bbbf130c62bb\COMCTL32.dll
0x00007ffb51720000 - 0x00007ffb51a55000 	C:\WINDOWS\System32\combase.dll
0x00007ffb50470000 - 0x00007ffb504f0000 	C:\WINDOWS\System32\bcryptPrimitives.dll
0x00007ffb508f0000 - 0x00007ffb5091e000 	C:\WINDOWS\System32\IMM32.DLL
0x0000000059b90000 - 0x0000000059c62000 	C:\Program Files\Unity\Hub\Editor\2018.4.23f1\Editor\Data\PlaybackEngines\AndroidPlayer\Tools\OpenJDK\Windows\jre\bin\msvcr100.dll
0x0000000059340000 - 0x0000000059b89000 	C:\Program Files\Unity\Hub\Editor\2018.4.23f1\Editor\Data\PlaybackEngines\AndroidPlayer\Tools\OpenJDK\Windows\jre\bin\server\jvm.dll
0x00007ffb51710000 - 0x00007ffb51718000 	C:\WINDOWS\System32\PSAPI.DLL
0x00007ffb3d210000 - 0x00007ffb3d219000 	C:\WINDOWS\SYSTEM32\WSOCK32.dll
0x00007ffb4d290000 - 0x00007ffb4d2b4000 	C:\WINDOWS\SYSTEM32\WINMM.dll
0x00007ffb51a60000 - 0x00007ffb51acf000 	C:\WINDOWS\System32\WS2_32.dll
0x00007ffb4cef0000 - 0x00007ffb4cf1d000 	C:\WINDOWS\SYSTEM32\winmmbase.dll
0x00007ffb503d0000 - 0x00007ffb5041a000 	C:\WINDOWS\System32\cfgmgr32.dll
0x00007ffb45a70000 - 0x00007ffb45a7a000 	C:\WINDOWS\SYSTEM32\VERSION.dll
0x00007ffb33770000 - 0x00007ffb3377f000 	C:\Program Files\Unity\Hub\Editor\2018.4.23f1\Editor\Data\PlaybackEngines\AndroidPlayer\Tools\OpenJDK\Windows\jre\bin\verify.dll
0x00007ffb31e30000 - 0x00007ffb31e59000 	C:\Program Files\Unity\Hub\Editor\2018.4.23f1\Editor\Data\PlaybackEngines\AndroidPlayer\Tools\OpenJDK\Windows\jre\bin\java.dll
0x00007ffb31d80000 - 0x00007ffb31d96000 	C:\Program Files\Unity\Hub\Editor\2018.4.23f1\Editor\Data\PlaybackEngines\AndroidPlayer\Tools\OpenJDK\Windows\jre\bin\zip.dll
0x00007ffb50d50000 - 0x00007ffb51436000 	C:\WINDOWS\System32\SHELL32.dll
0x00007ffb505a0000 - 0x00007ffb50649000 	C:\WINDOWS\System32\shcore.dll
0x00007ffb4fc40000 - 0x00007ffb503c2000 	C:\WINDOWS\System32\windows.storage.dll
0x00007ffb4f320000 - 0x00007ffb4f343000 	C:\WINDOWS\System32\profapi.dll
0x00007ffb4f370000 - 0x00007ffb4f3ba000 	C:\WINDOWS\System32\powrprof.dll
0x00007ffb4f2f0000 - 0x00007ffb4f300000 	C:\WINDOWS\System32\UMPDC.dll
0x00007ffb51460000 - 0x00007ffb514b2000 	C:\WINDOWS\System32\shlwapi.dll
0x00007ffb4f300000 - 0x00007ffb4f311000 	C:\WINDOWS\System32\kernel.appcore.dll
0x00007ffb50420000 - 0x00007ffb50437000 	C:\WINDOWS\System32\cryptsp.dll

VM Arguments:
jvm_args: -Dcom.android.sdkmanager.toolsdir=D:\Android\SDK\tools\bin\\.. 
java_command: com.android.sdklib.tool.AvdManagerCli list target -c
java_class_path (initial): D:\Android\SDK\tools\bin\..\lib\dvlib-26.0.0-dev.jar;D:\Android\SDK\tools\bin\..\lib\jimfs-1.1.jar;D:\Android\SDK\tools\bin\..\lib\jsr305-1.3.9.jar;D:\Android\SDK\tools\bin\..\lib\repository-26.0.0-dev.jar;D:\Android\SDK\tools\bin\..\lib\j2objc-annotations-1.1.jar;D:\Android\SDK\tools\bin\..\lib\layoutlib-api-26.0.0-dev.jar;D:\Android\SDK\tools\bin\..\lib\gson-2.3.jar;D:\Android\SDK\tools\bin\..\lib\httpcore-4.2.5.jar;D:\Android\SDK\tools\bin\..\lib\commons-logging-1.1.1.jar;D:\Android\SDK\tools\bin\..\lib\commons-compress-1.12.jar;D:\Android\SDK\tools\bin\..\lib\annotations-26.0.0-dev.jar;D:\Android\SDK\tools\bin\..\lib\error_prone_annotations-2.0.18.jar;D:\Android\SDK\tools\bin\..\lib\animal-sniffer-annotations-1.14.jar;D:\Android\SDK\tools\bin\..\lib\httpclient-4.2.6.jar;D:\Android\SDK\tools\bin\..\lib\commons-codec-1.6.jar;D:\Android\SDK\tools\bin\..\lib\common-26.0.0-dev.jar;D:\Android\SDK\tools\bin\..\lib\kxml2-2.3.0.jar;D:\Android\SDK\tools\bin\..\lib\httpmime-4.1.jar;D:\Android\SDK\tools\bin\..\lib\annotations-12.0.jar;D:\Android\SDK\tools\bin\..\lib\sdklib-26.0.0-dev.jar;D:\Android\SDK\tools\bin\..\lib\guava-22.0.jar
Launcher Type: SUN_STANDARD

Environment Variables:
JAVA_HOME=C:\Program Files\Unity\Hub\Editor\2018.4.23f1\Editor\Data\PlaybackEngines\AndroidPlayer/Tools\OpenJDK\Windows
CLASSPATH=D:\Android\SDK\tools\bin\..\lib\dvlib-26.0.0-dev.jar;D:\Android\SDK\tools\bin\..\lib\jimfs-1.1.jar;D:\Android\SDK\tools\bin\..\lib\jsr305-1.3.9.jar;D:\Android\SDK\tools\bin\..\lib\repository-26.0.0-dev.jar;D:\Android\SDK\tools\bin\..\lib\j2objc-annotations-1.1.jar;D:\Android\SDK\tools\bin\..\lib\layoutlib-api-26.0.0-dev.jar;D:\Android\SDK\tools\bin\..\lib\gson-2.3.jar;D:\Android\SDK\tools\bin\..\lib\httpcore-4.2.5.jar;D:\Android\SDK\tools\bin\..\lib\commons-logging-1.1.1.jar;D:\Android\SDK\tools\bin\..\lib\commons-compress-1.12.jar;D:\Android\SDK\tools\bin\..\lib\annotations-26.0.0-dev.jar;D:\Android\SDK\tools\bin\..\lib\error_prone_annotations-2.0.18.jar;D:\Android\SDK\tools\bin\..\lib\animal-sniffer-annotations-1.14.jar;D:\Android\SDK\tools\bin\..\lib\httpclient-4.2.6.jar;D:\Android\SDK\tools\bin\..\lib\commons-codec-1.6.jar;D:\Android\SDK\tools\bin\..\lib\common-26.0.0-dev.jar;D:\Android\SDK\tools\bin\..\lib\kxml2-2.3.0.jar;D:\Android\SDK\tools\bin\..\lib\httpmime-4.1.jar;D:\Android\SDK\tools\bin\..\lib\annotations-12.0.jar;D:\Android\SDK\tools\bin\..\lib\sdklib-26.0.0-dev.jar;D:\Android\SDK\tools\bin\..\lib\guava-22.0.jar
PATH=C:\Program Files (x86)\Common Files\Oracle\Java\javapath;C:\WINDOWS\system32;C:\WINDOWS;C:\WINDOWS\System32\Wbem;C:\WINDOWS\System32\WindowsPowerShell\v1.0\;C:\WINDOWS\System32\OpenSSH\;D:\Git\cmd;D:\TortoiseSVN\bin;D:\Android\SDK\ndk\android-ndk-r16b\build;D:\MiKTeX 2.9\miktex\bin\x64\;C:\Users\Administrator\AppData\Local\Microsoft\WindowsApps;
USERNAME=Administrator
OS=Windows_NT
PROCESSOR_IDENTIFIER=Intel64 Family 6 Model 78 Stepping 3, GenuineIntel



---------------  S Y S T E M  ---------------

OS: Windows 10.0 , 64 bit Build 18362 (10.0.18362.959)

CPU:total 4 (initial active 4) (2 cores per cpu, 2 threads per core) family 6 model 78 stepping 3, cmov, cx8, fxsr, mmx, sse, sse2, sse3, ssse3, sse4.1, sse4.2, popcnt, avx, avx2, aes, clmul, erms, 3dnowpref, lzcnt, ht, tsc, tscinvbit, bmi1, bmi2, adx

Memory: 4k page, physical 8080756k(339276k free), swap 18463120k(2048k free)

vm_info: OpenJDK 64-Bit Server VM (25.71-b00) for windows-amd64 JRE (1.8.0-adoptopenjdk-_2018_05_19_00_59-b00), built on May 19 2018 01:02:12 by "jenkins" with MS VC++ 10.0 (VS2010)

time: Tue Aug 04 15:29:16 2020
elapsed time: 0 seconds (0d 0h 0m 0s)

